[debug] [2023-05-04T06:15:35.642Z] ----------------------------------------------------------------------
[debug] [2023-05-04T06:15:35.645Z] Command:       C:\Program Files\nodejs\node.exe C:\Users\uciel\AppData\Roaming\npm\node_modules\firebase-tools\lib\bin\firebase.js init
[debug] [2023-05-04T06:15:35.646Z] CLI Version:   11.30.0
[debug] [2023-05-04T06:15:35.646Z] Platform:      win32
[debug] [2023-05-04T06:15:35.647Z] Node Version:  v19.1.0
[debug] [2023-05-04T06:15:35.647Z] Time:          Thu May 04 2023 03:15:35 GMT-0300 (hora estándar de Argentina)
[debug] [2023-05-04T06:15:35.647Z] ----------------------------------------------------------------------
[debug] 
[debug] [2023-05-04T06:15:35.657Z] > command requires scopes: ["email","openid","https://www.googleapis.com/auth/cloudplatformprojects.readonly","https://www.googleapis.com/auth/firebase","https://www.googleapis.com/auth/cloud-platform"]
[debug] [2023-05-04T06:15:35.658Z] > authorizing via signed-in user (ucibustamante.a@gmail.com)
[info] 
     ######## #### ########  ######## ########     ###     ######  ########
     ##        ##  ##     ## ##       ##     ##  ##   ##  ##       ##
     ######    ##  ########  ######   ########  #########  ######  ######
     ##        ##  ##    ##  ##       ##     ## ##     ##       ## ##
     ##       #### ##     ## ######## ########  ##     ##  ######  ########

You're about to initialize a Firebase project in this directory:

  C:\Users\uciel\Desktop\FrontEnd\portfolio

[info] 
=== Project Setup
[info] 
[info] First, let's associate this project directory with a Firebase project.
[info] You can create multiple project aliases by running firebase use --add, 
[info] but for now we'll just set up a default project.
[info] 
[debug] [2023-05-04T06:15:56.812Z] >>> [apiv2][query] GET https://firebase.googleapis.com/v1beta1/projects pageSize=100
[debug] [2023-05-04T06:15:57.480Z] <<< [apiv2][status] GET https://firebase.googleapis.com/v1beta1/projects 200
[debug] [2023-05-04T06:15:57.480Z] <<< [apiv2][body] GET https://firebase.googleapis.com/v1beta1/projects [omitted]
[info] i  Using project portfolio-frontend-5a014 (portfolio-Frontend) 
[info] 
=== Hosting Setup
[info] 
[info] Your public directory is the folder (relative to your project directory) that
[info] will contain Hosting assets to be uploaded with firebase deploy. If you
[info] have a build process for your assets, use your build's output directory.
[info] 
